0 info it worked if it ends with ok
1 verbose cli [ '/usr/local/bin/node',
1 verbose cli   '/usr/local/bin/npm',
1 verbose cli   'install',
1 verbose cli   '-g',
1 verbose cli   'gulp',
1 verbose cli   'bower' ]
2 info using npm@2.14.4
3 info using node@v4.1.2
4 verbose install initial load of /usr/local/lib/package.json
5 verbose readDependencies loading dependencies from /usr/local/lib/package.json
6 silly cache add args [ 'gulp', null ]
7 verbose cache add spec gulp
8 silly cache add args [ 'bower', null ]
9 verbose cache add spec bower
10 silly cache add parsed spec Result {
10 silly cache add   raw: 'gulp',
10 silly cache add   scope: null,
10 silly cache add   name: 'gulp',
10 silly cache add   rawSpec: '',
10 silly cache add   spec: '*',
10 silly cache add   type: 'range' }
11 silly addNamed gulp@*
12 verbose addNamed "*" is a valid semver range for gulp
13 silly addNameRange { name: 'gulp', range: '*', hasData: false }
14 silly mapToRegistry name gulp
15 silly mapToRegistry using default registry
16 silly mapToRegistry registry https://registry.npmjs.org/
17 silly mapToRegistry uri https://registry.npmjs.org/gulp
18 verbose addNameRange registry:https://registry.npmjs.org/gulp not in flight; fetching
19 silly cache add parsed spec Result {
19 silly cache add   raw: 'bower',
19 silly cache add   scope: null,
19 silly cache add   name: 'bower',
19 silly cache add   rawSpec: '',
19 silly cache add   spec: '*',
19 silly cache add   type: 'range' }
20 silly addNamed bower@*
21 verbose addNamed "*" is a valid semver range for bower
22 silly addNameRange { name: 'bower', range: '*', hasData: false }
23 silly mapToRegistry name bower
24 silly mapToRegistry using default registry
25 silly mapToRegistry registry https://registry.npmjs.org/
26 silly mapToRegistry uri https://registry.npmjs.org/bower
27 verbose addNameRange registry:https://registry.npmjs.org/bower not in flight; fetching
28 verbose request uri https://registry.npmjs.org/gulp
29 verbose request no auth needed
30 info attempt registry request try #1 at 13:25:15
31 verbose request id 9a6583a17e9d30d4
32 verbose etag "8JD4WXRK7WZM7XT1U84LK0G3O"
33 http request GET https://registry.npmjs.org/gulp
34 verbose request uri https://registry.npmjs.org/bower
35 verbose request no auth needed
36 info attempt registry request try #1 at 13:25:15
37 verbose etag "BJJLECJY7XG4TJNVUE528CEAO"
38 http request GET https://registry.npmjs.org/bower
39 http 200 https://registry.npmjs.org/bower
40 silly get cb [ 200,
40 silly get   { server: 'CouchDB/1.5.0 (Erlang OTP/R16B03)',
40 silly get     etag: '"BWV73V8ZTPVRGMNI1EYSE0Y42"',
40 silly get     'content-type': 'application/json',
40 silly get     'cache-control': 'max-age=60',
40 silly get     'content-length': '136180',
40 silly get     'accept-ranges': 'bytes',
40 silly get     date: 'Thu, 29 Oct 2015 04:25:14 GMT',
40 silly get     via: '1.1 varnish',
40 silly get     age: '7',
40 silly get     connection: 'keep-alive',
40 silly get     'x-served-by': 'cache-nrt6120-NRT',
40 silly get     'x-cache': 'HIT',
40 silly get     'x-cache-hits': '1',
40 silly get     'x-timer': 'S1446092714.118879,VS0,VE1',
40 silly get     vary: 'Accept' } ]
41 verbose get saving bower to /Users/kyunghopark/.npm/registry.npmjs.org/bower/.cache.json
42 silly addNameRange number 2 { name: 'bower', range: '*', hasData: true }
43 silly addNameRange versions [ 'bower',
43 silly addNameRange   [ '0.1.0',
43 silly addNameRange     '0.1.2',
43 silly addNameRange     '0.1.3',
43 silly addNameRange     '0.2.0',
43 silly addNameRange     '0.3.0',
43 silly addNameRange     '0.3.1',
43 silly addNameRange     '0.3.2',
43 silly addNameRange     '0.4.0',
43 silly addNameRange     '0.5.0',
43 silly addNameRange     '0.5.1',
43 silly addNameRange     '0.6.0',
43 silly addNameRange     '0.6.1',
43 silly addNameRange     '0.6.2',
43 silly addNameRange     '0.6.3',
43 silly addNameRange     '0.6.4',
43 silly addNameRange     '0.6.5',
43 silly addNameRange     '0.6.6',
43 silly addNameRange     '0.6.7',
43 silly addNameRange     '0.6.8',
43 silly addNameRange     '0.7.0',
43 silly addNameRange     '0.7.1',
43 silly addNameRange     '0.8.0',
43 silly addNameRange     '0.8.1',
43 silly addNameRange     '0.8.2',
43 silly addNameRange     '0.8.3',
43 silly addNameRange     '0.8.4',
43 silly addNameRange     '0.8.5',
43 silly addNameRange     '0.8.6',
43 silly addNameRange     '0.9.0',
43 silly addNameRange     '0.9.1',
43 silly addNameRange     '0.9.2',
43 silly addNameRange     '0.10.0',
43 silly addNameRange     '1.0.0',
43 silly addNameRange     '1.0.1',
43 silly addNameRange     '1.0.2',
43 silly addNameRange     '1.0.3',
43 silly addNameRange     '1.1.0',
43 silly addNameRange     '1.1.1',
43 silly addNameRange     '1.1.2',
43 silly addNameRange     '1.2.0',
43 silly addNameRange     '1.2.1',
43 silly addNameRange     '1.2.2',
43 silly addNameRange     '1.2.3',
43 silly addNameRange     '1.2.4',
43 silly addNameRange     '1.2.5',
43 silly addNameRange     '1.2.6',
43 silly addNameRange     '1.2.7',
43 silly addNameRange     '1.2.8',
43 silly addNameRange     '1.3.0',
43 silly addNameRange     '1.3.1',
43 silly addNameRange     '1.3.2',
43 silly addNameRange     '1.3.3',
43 silly addNameRange     '1.3.4',
43 silly addNameRange     '1.3.5',
43 silly addNameRange     '1.3.6',
43 silly addNameRange     '1.3.7',
43 silly addNameRange     '1.3.8',
43 silly addNameRange     '1.3.9',
43 silly addNameRange     '1.3.10',
43 silly addNameRange     '1.3.11',
43 silly addNameRange     '1.3.12',
43 silly addNameRange     '1.4.0',
43 silly addNameRange     '1.4.1',
43 silly addNameRange     '1.5.0',
43 silly addNameRange     '1.5.1',
43 silly addNameRange     '1.5.2',
43 silly addNameRange     '1.5.3',
43 silly addNameRange     '1.6.2',
43 silly addNameRange     '1.6.3',
43 silly addNameRange     '1.6.4',
43 silly addNameRange     '1.6.5' ] ]
44 silly addNamed bower@1.6.5
45 verbose addNamed "1.6.5" is a plain semver version for bower
46 http 200 https://registry.npmjs.org/gulp
47 silly get cb [ 200,
47 silly get   { server: 'CouchDB/1.5.0 (Erlang OTP/R16B03)',
47 silly get     etag: '"D8AMQRLGZSWRSG1BN853EGRV2"',
47 silly get     'content-type': 'application/json',
47 silly get     'cache-control': 'max-age=60',
47 silly get     'content-length': '107399',
47 silly get     'accept-ranges': 'bytes',
47 silly get     date: 'Thu, 29 Oct 2015 04:25:14 GMT',
47 silly get     via: '1.1 varnish',
47 silly get     age: '3',
47 silly get     connection: 'keep-alive',
47 silly get     'x-served-by': 'cache-nrt6132-NRT',
47 silly get     'x-cache': 'HIT',
47 silly get     'x-cache-hits': '2',
47 silly get     'x-timer': 'S1446092714.136528,VS0,VE0',
47 silly get     vary: 'Accept' } ]
48 verbose get saving gulp to /Users/kyunghopark/.npm/registry.npmjs.org/gulp/.cache.json
49 silly mapToRegistry name bower
50 silly mapToRegistry using default registry
51 silly mapToRegistry registry https://registry.npmjs.org/
52 silly mapToRegistry uri https://registry.npmjs.org/bower
53 verbose addRemoteTarball https://registry.npmjs.org/bower/-/bower-1.6.5.tgz not in flight; adding
54 verbose addRemoteTarball [ 'https://registry.npmjs.org/bower/-/bower-1.6.5.tgz',
54 verbose addRemoteTarball   '59d457122a161e42cc1625bbab8179c214b7ac11' ]
55 info retry fetch attempt 1 at 13:25:16
56 info attempt registry request try #1 at 13:25:16
57 http fetch GET https://registry.npmjs.org/bower/-/bower-1.6.5.tgz
58 silly addNameRange number 2 { name: 'gulp', range: '*', hasData: true }
59 silly addNameRange versions [ 'gulp',
59 silly addNameRange   [ '0.0.1',
59 silly addNameRange     '0.0.2',
59 silly addNameRange     '0.0.3',
59 silly addNameRange     '0.0.4',
59 silly addNameRange     '0.0.5',
59 silly addNameRange     '0.0.7',
59 silly addNameRange     '0.0.8',
59 silly addNameRange     '0.0.9',
59 silly addNameRange     '0.1.0',
59 silly addNameRange     '0.2.0',
59 silly addNameRange     '1.0.0',
59 silly addNameRange     '1.1.0',
59 silly addNameRange     '1.2.0',
59 silly addNameRange     '1.2.1',
59 silly addNameRange     '2.0.0',
59 silly addNameRange     '2.0.1',
59 silly addNameRange     '2.1.0',
59 silly addNameRange     '2.2.0',
59 silly addNameRange     '2.3.0',
59 silly addNameRange     '2.4.0',
59 silly addNameRange     '2.4.1',
59 silly addNameRange     '2.6.0',
59 silly addNameRange     '2.6.1',
59 silly addNameRange     '2.7.0',
59 silly addNameRange     '3.0.0',
59 silly addNameRange     '3.1.1',
59 silly addNameRange     '3.1.2',
59 silly addNameRange     '3.1.3',
59 silly addNameRange     '3.1.4',
59 silly addNameRange     '3.2.0',
59 silly addNameRange     '3.2.1',
59 silly addNameRange     '3.2.2',
59 silly addNameRange     '3.2.3',
59 silly addNameRange     '3.2.4',
59 silly addNameRange     '3.2.5',
59 silly addNameRange     '3.3.0',
59 silly addNameRange     '3.3.1',
59 silly addNameRange     '3.3.2',
59 silly addNameRange     '3.3.4',
59 silly addNameRange     '3.4.0',
59 silly addNameRange     '3.5.0',
59 silly addNameRange     '3.5.1',
59 silly addNameRange     '3.5.2',
59 silly addNameRange     '3.5.5',
59 silly addNameRange     '3.5.6',
59 silly addNameRange     '3.6.0',
59 silly addNameRange     '3.6.1',
59 silly addNameRange     '3.6.2',
59 silly addNameRange     '3.7.0',
59 silly addNameRange     '3.8.0',
59 silly addNameRange     '3.8.1',
59 silly addNameRange     '3.8.2',
59 silly addNameRange     '3.8.3',
59 silly addNameRange     '3.8.4',
59 silly addNameRange     '3.8.5',
59 silly addNameRange     '3.8.6',
59 silly addNameRange     '3.8.7',
59 silly addNameRange     '3.8.8',
59 silly addNameRange     '3.8.9',
59 silly addNameRange     '3.8.10',
59 silly addNameRange     '3.8.11',
59 silly addNameRange     '3.9.0' ] ]
60 silly addNamed gulp@3.9.0
61 verbose addNamed "3.9.0" is a plain semver version for gulp
62 silly cache afterAdd gulp@3.9.0
63 verbose afterAdd /Users/kyunghopark/.npm/gulp/3.9.0/package/package.json not in flight; writing
64 verbose afterAdd /Users/kyunghopark/.npm/gulp/3.9.0/package/package.json written
65 http fetch 200 https://registry.npmjs.org/bower/-/bower-1.6.5.tgz
66 silly fetchAndShaCheck shasum 59d457122a161e42cc1625bbab8179c214b7ac11
67 verbose addTmpTarball /var/folders/p5/htsm7dgn4gsc7nptgtqgjr500000gn/T/npm-27048-76522543/registry.npmjs.org/bower/-/bower-1.6.5.tgz not in flight; adding
68 verbose addTmpTarball already have metadata; skipping unpack for bower@1.6.5
69 silly cache afterAdd bower@1.6.5
70 verbose afterAdd /Users/kyunghopark/.npm/bower/1.6.5/package/package.json not in flight; writing
71 verbose afterAdd /Users/kyunghopark/.npm/bower/1.6.5/package/package.json written
72 silly install resolved [ { name: 'gulp',
72 silly install resolved     description: 'The streaming build system',
72 silly install resolved     version: '3.9.0',
72 silly install resolved     homepage: 'http://gulpjs.com',
72 silly install resolved     repository: { type: 'git', url: 'git+https://github.com/gulpjs/gulp.git' },
72 silly install resolved     author:
72 silly install resolved      { name: 'Fractal',
72 silly install resolved        email: 'contact@wearefractal.com',
72 silly install resolved        url: 'http://wearefractal.com/' },
72 silly install resolved     tags: [ 'build', 'stream', 'system', 'make', 'tool', 'asset', 'pipeline' ],
72 silly install resolved     files: [ 'index.js', 'lib', 'bin', 'completion' ],
72 silly install resolved     bin: { gulp: './bin/gulp.js' },
72 silly install resolved     man: [ 'gulp.1' ],
72 silly install resolved     dependencies:
72 silly install resolved      { archy: '^1.0.0',
72 silly install resolved        chalk: '^1.0.0',
72 silly install resolved        deprecated: '^0.0.1',
72 silly install resolved        'gulp-util': '^3.0.0',
72 silly install resolved        interpret: '^0.6.2',
72 silly install resolved        liftoff: '^2.1.0',
72 silly install resolved        minimist: '^1.1.0',
72 silly install resolved        orchestrator: '^0.3.0',
72 silly install resolved        'pretty-hrtime': '^1.0.0',
72 silly install resolved        semver: '^4.1.0',
72 silly install resolved        tildify: '^1.0.0',
72 silly install resolved        v8flags: '^2.0.2',
72 silly install resolved        'vinyl-fs': '^0.3.0' },
72 silly install resolved     devDependencies:
72 silly install resolved      { coveralls: '^2.7.0',
72 silly install resolved        'graceful-fs': '^3.0.0',
72 silly install resolved        istanbul: '^0.3.0',
72 silly install resolved        jscs: '~1.12.0',
72 silly install resolved        jshint: '^2.5.0',
72 silly install resolved        'jshint-stylish': '^1.0.0',
72 silly install resolved        'marked-man': '^0.1.3',
72 silly install resolved        mkdirp: '^0.5.0',
72 silly install resolved        mocha: '^2.0.1',
72 silly install resolved        'mocha-lcov-reporter': '^0.0.1',
72 silly install resolved        q: '^1.0.0',
72 silly install resolved        rimraf: '^2.2.5',
72 silly install resolved        should: '^5.0.1' },
72 silly install resolved     scripts:
72 silly install resolved      { prepublish: 'marked-man --name gulp docs/CLI.md > gulp.1',
72 silly install resolved        lint: 'jshint lib bin test index.js --reporter node_modules/jshint-stylish/stylish.js --exclude node_modules && jscs lib bin test index.js',
72 silly install resolved        test: 'npm run-script lint && mocha --reporter spec',
72 silly install resolved        coveralls: 'istanbul cover _mocha --report lcovonly -- -R spec && cat ./coverage/lcov.info | coveralls && rm -rf ./coverage' },
72 silly install resolved     engines: { node: '>= 0.9' },
72 silly install resolved     license: 'MIT',
72 silly install resolved     gitHead: '657213a52d5e9c19b85df6a42f76341a98c08ae8',
72 silly install resolved     bugs: { url: 'https://github.com/gulpjs/gulp/issues' },
72 silly install resolved     _id: 'gulp@3.9.0',
72 silly install resolved     _shasum: 'cf1fba4cb558bb8c6ae6c9613f583ae2620d214a',
72 silly install resolved     _from: 'gulp@*',
72 silly install resolved     _npmVersion: '2.8.3',
72 silly install resolved     _nodeVersion: '0.10.36',
72 silly install resolved     _npmUser: { name: 'phated', email: 'blaine@iceddev.com' },
72 silly install resolved     maintainers: [ [Object], [Object] ],
72 silly install resolved     dist:
72 silly install resolved      { shasum: 'cf1fba4cb558bb8c6ae6c9613f583ae2620d214a',
72 silly install resolved        tarball: 'http://registry.npmjs.org/gulp/-/gulp-3.9.0.tgz' },
72 silly install resolved     directories: {},
72 silly install resolved     _resolved: 'https://registry.npmjs.org/gulp/-/gulp-3.9.0.tgz',
72 silly install resolved     readme: 'ERROR: No README data found!' },
72 silly install resolved   { name: 'bower',
72 silly install resolved     version: '1.6.5',
72 silly install resolved     description: 'The browser package manager',
72 silly install resolved     author: { name: 'Twitter' },
72 silly install resolved     license: 'MIT',
72 silly install resolved     repository: { type: 'git', url: 'git+https://github.com/bower/bower.git' },
72 silly install resolved     main: 'lib',
72 silly install resolved     homepage: 'http://bower.io',
72 silly install resolved     engines: { node: '>=0.10.0' },
72 silly install resolved     keywords: [ 'bower' ],
72 silly install resolved     dependencies:
72 silly install resolved      { abbrev: '^1.0.5',
72 silly install resolved        archy: '1.0.0',
72 silly install resolved        'bower-config': '^1.2.2',
72 silly install resolved        'bower-endpoint-parser': '^0.2.2',
72 silly install resolved        'bower-json': '^0.4.0',
72 silly install resolved        'bower-logger': '^0.2.2',
72 silly install resolved        'bower-registry-client': '^1.0.0',
72 silly install resolved        cardinal: '0.4.4',
72 silly install resolved        chalk: '^1.0.0',
72 silly install resolved        chmodr: '^1.0.2',
72 silly install resolved        configstore: '^0.3.2',
72 silly install resolved        'decompress-zip': '^0.1.0',
72 silly install resolved        destroy: '^1.0.3',
72 silly install resolved        'fs-write-stream-atomic': '^1.0.4',
72 silly install resolved        fstream: '^1.0.3',
72 silly install resolved        'fstream-ignore': '^1.0.2',
72 silly install resolved        github: '^0.2.3',
72 silly install resolved        glob: '^4.3.2',
72 silly install resolved        'graceful-fs': '^3.0.5',
72 silly install resolved        handlebars: '^2.0.0',
72 silly install resolved        inquirer: '0.10.0',
72 silly install resolved        insight: '^0.7.0',
72 silly install resolved        'is-root': '^1.0.0',
72 silly install resolved        junk: '^1.0.0',
72 silly install resolved        lockfile: '^1.0.0',
72 silly install resolved        'lru-cache': '^2.5.0',
72 silly install resolved        'md5-hex': '^1.0.2',
72 silly install resolved        mkdirp: '0.5.0',
72 silly install resolved        mout: '^0.11.0',
72 silly install resolved        nopt: '^3.0.1',
72 silly install resolved        opn: '^1.0.1',
72 silly install resolved        'p-throttler': '0.1.1',
72 silly install resolved        promptly: '0.2.0',
72 silly install resolved        q: '^1.1.2',
72 silly install resolved        request: '2.53.0',
72 silly install resolved        'request-progress': '0.3.1',
72 silly install resolved        retry: '0.6.1',
72 silly install resolved        rimraf: '^2.2.8',
72 silly install resolved        semver: '^2.3.0',
72 silly install resolved        'shell-quote': '^1.4.2',
72 silly install resolved        'stringify-object': '^1.0.0',
72 silly install resolved        'tar-fs': '^1.4.1',
72 silly install resolved        tmp: '0.0.24',
72 silly install resolved        'update-notifier': '^0.3.0',
72 silly install resolved        'user-home': '^1.1.0',
72 silly install resolved        which: '^1.0.8' },
72 silly install resolved     devDependencies:
72 silly install resolved      { chai: '^1.10.0',
72 silly install resolved        coveralls: '^2.11.2',
72 silly install resolved        'expect.js': '^0.3.1',
72 silly install resolved        grunt: '^0.4.5',
72 silly install resolved        'grunt-cli': '^0.1.13',
72 silly install resolved        'grunt-contrib-jshint': '^0.10.0',
72 silly install resolved        'grunt-contrib-watch': '^0.6.1',
72 silly install resolved        'grunt-exec': '^0.4.6',
72 silly install resolved        'grunt-simple-mocha': '^0.4.0',
72 silly install resolved        istanbul: '^0.3.5',
72 silly install resolved        'load-grunt-tasks': '^2.0.0',
72 silly install resolved        mocha: '^2.1.0',
72 silly install resolved        multiline: '^1.0.2',
72 silly install resolved        nock: '^2.13.0',
72 silly install resolved        'node-uuid': '^1.4.2',
72 silly install resolved        'npm-shrinkwrap': '^5.4.1',
72 silly install resolved        proxyquire: '^1.3.0',
72 silly install resolved        'spawn-sync': '^1.0.5' },
72 silly install resolved     scripts: { test: 'grunt test' },
72 silly install resolved     bin: { bower: 'bin/bower' },
72 silly install resolved     files: [ 'bin', 'lib', 'templates' ],
72 silly install resolved     gitHead: 'a022cdc75ee0693af813a87b40f5de4c74b7baae',
72 silly install resolved     bugs: { url: 'https://github.com/bower/bower/issues' },
72 silly install resolved     bundleDependencies:
72 silly install resolved      [ 'abbrev',
72 silly install resolved        'archy',
72 silly install resolved        'bower-config',
72 silly install resolved        'bower-endpoint-parser',
72 silly install resolved        'bower-json',
72 silly install resolved        'bower-logger',
72 silly install resolved        'bower-registry-client',
72 silly install resolved        'cardinal',
72 silly install resolved        'chalk',
72 silly install resolved        'chmodr',
72 silly install resolved        'configstore',
72 silly install resolved        'decompress-zip',
72 silly install resolved        'destroy',
72 silly install resolved        'fs-write-stream-atomic',
72 silly install resolved        'fstream',
72 silly install resolved        'fstream-ignore',
72 silly install resolved        'github',
72 silly install resolved        'glob',
72 silly install resolved        'graceful-fs',
72 silly install resolved        'handlebars',
72 silly install resolved        'inquirer',
72 silly install resolved        'insight',
72 silly install resolved        'is-root',
72 silly install resolved        'junk',
72 silly install resolved        'lockfile',
72 silly install resolved        'lru-cache',
72 silly install resolved        'md5-hex',
72 silly install resolved        'mkdirp',
72 silly install resolved        'mout',
72 silly install resolved        'nopt',
72 silly install resolved        'opn',
72 silly install resolved        'p-throttler',
72 silly install resolved        'promptly',
72 silly install resolved        'q',
72 silly install resolved        'request',
72 silly install resolved        'request-progress',
72 silly install resolved        'retry',
72 silly install resolved        'rimraf',
72 silly install resolved        'semver',
72 silly install resolved        'shell-quote',
72 silly install resolved        'stringify-object',
72 silly install resolved        'tar-fs',
72 silly install resolved        'tmp',
72 silly install resolved        'update-notifier',
72 silly install resolved        'user-home',
72 silly install resolved        'which' ],
72 silly install resolved     _id: 'bower@1.6.5',
72 silly install resolved     _shasum: '59d457122a161e42cc1625bbab8179c214b7ac11',
72 silly install resolved     _from: 'bower@*',
72 silly install resolved     _npmVersion: '2.14.8',
72 silly install resolved     _nodeVersion: '4.1.1',
72 silly install resolved     _npmUser: { name: 'sheerun', email: 'sheerun@sher.pl' },
72 silly install resolved     dist:
72 silly install resolved      { shasum: '59d457122a161e42cc1625bbab8179c214b7ac11',
72 silly install resolved        tarball: 'http://registry.npmjs.org/bower/-/bower-1.6.5.tgz' },
72 silly install resolved     maintainers: [ [Object], [Object], [Object], [Object], [Object], [Object] ],
72 silly install resolved     directories: {},
72 silly install resolved     _resolved: 'https://registry.npmjs.org/bower/-/bower-1.6.5.tgz' } ]
73 info install gulp@3.9.0 into /usr/local/lib
74 info install bower@1.6.5 into /usr/local/lib
75 info installOne gulp@3.9.0
76 verbose installOne of gulp to /usr/local/lib not in flight; installing
77 info installOne bower@1.6.5
78 verbose installOne of bower to /usr/local/lib not in flight; installing
79 verbose lock using /Users/kyunghopark/.npm/_locks/bower-e8debc5417026b57.lock for /usr/local/lib/node_modules/bower
80 verbose lock using /Users/kyunghopark/.npm/_locks/gulp-709d00e5d169ceb3.lock for /usr/local/lib/node_modules/gulp
81 silly install write writing bower 1.6.5 to /usr/local/lib/node_modules/bower
82 verbose unbuild lib/node_modules/bower
83 silly install write writing gulp 3.9.0 to /usr/local/lib/node_modules/gulp
84 verbose unbuild lib/node_modules/gulp
85 info preuninstall bower@1.5.2
86 info uninstall bower@1.5.2
87 verbose unbuild rmStuff bower@1.5.2 from /usr/local/lib/node_modules
88 silly gentlyRm /usr/local/bin/bower is being gently removed
89 silly gentlyRm verifying /usr/local is an npm working directory
90 silly gentlyRm containing path /usr/local is under npm's control, in /usr/local
91 silly gentlyRm deletion target /usr/local/bin/bower is under /usr/local
92 verbose gentlyRm vacuuming from /usr/local/bin/bower up to /usr/local
93 silly vacuum-fs removing /usr/local/bin/bower
94 info preuninstall gulp@3.9.0
95 info uninstall gulp@3.9.0
96 verbose unbuild rmStuff gulp@3.9.0 from /usr/local/lib/node_modules
97 silly gentlyRm /usr/local/bin/gulp is being gently removed
98 silly gentlyRm verifying /usr/local is an npm working directory
99 verbose rmMans man files are [ 'gulp.1' ] in /usr/local/share/man
100 silly rmMan preparing to remove gulp.1
101 silly gentlyRm /usr/local/share/man/man1/gulp.1.1 is being gently removed
102 silly gentlyRm verifying /usr/local is an npm working directory
103 silly gentlyRm containing path /usr/local is under npm's control, in /usr/local
104 silly gentlyRm deletion target /usr/local/bin/gulp is under /usr/local
105 verbose gentlyRm vacuuming from /usr/local/bin/gulp up to /usr/local
106 silly gentlyRm containing path /usr/local is under npm's control, in /usr/local
107 silly gentlyRm deletion target /usr/local/share/man/man1/gulp.1.1 is under /usr/local
108 verbose gentlyRm vacuuming from /usr/local/share/man/man1/gulp.1.1 up to /usr/local
109 silly vacuum-fs removing /usr/local/bin/gulp
110 silly vacuum-fs quitting because other entries in /usr/local/bin
111 info postuninstall bower@1.5.2
112 silly vacuum-fs quitting because other entries in /usr/local/bin
113 silly gentlyRm /usr/local/lib/node_modules/bower is being purged from base /usr/local
114 verbose gentlyRm don't care about contents; nuking /usr/local/lib/node_modules/bower
115 silly vacuum-fs purging /usr/local/lib/node_modules/bower
116 verbose unlock done using /Users/kyunghopark/.npm/_locks/bower-e8debc5417026b57.lock for /usr/local/lib/node_modules/bower
117 info postuninstall gulp@3.9.0
118 silly gentlyRm /usr/local/lib/node_modules/gulp is being purged from base /usr/local
119 verbose gentlyRm don't care about contents; nuking /usr/local/lib/node_modules/gulp
120 silly vacuum-fs purging /usr/local/lib/node_modules/gulp
121 verbose unlock done using /Users/kyunghopark/.npm/_locks/gulp-709d00e5d169ceb3.lock for /usr/local/lib/node_modules/gulp
122 verbose stack Error: EACCES: permission denied, rmdir '/usr/local/lib/node_modules/bower'
122 verbose stack     at Error (native)
123 verbose cwd /Users/kyunghopark/Desktop/dev_elegant/kcharts_polymer
124 error Darwin 15.0.0
125 error argv "/usr/local/bin/node" "/usr/local/bin/npm" "install" "-g" "gulp" "bower"
126 error node v4.1.2
127 error npm  v2.14.4
128 error path /usr/local/lib/node_modules/bower
129 error code EACCES
130 error errno -13
131 error syscall rmdir
132 error Error: EACCES: permission denied, rmdir '/usr/local/lib/node_modules/bower'
132 error     at Error (native)
132 error  { [Error: EACCES: permission denied, rmdir '/usr/local/lib/node_modules/bower']
132 error   errno: -13,
132 error   code: 'EACCES',
132 error   syscall: 'rmdir',
132 error   path: '/usr/local/lib/node_modules/bower' }
133 error Please try running this command again as root/Administrator.
134 verbose exit [ -13, true ]
135 verbose unbuild lib/node_modules/bower
136 info preuninstall bower@1.5.2
137 info uninstall bower@1.5.2
138 verbose unbuild rmStuff bower@1.5.2 from /usr/local/lib/node_modules
139 silly gentlyRm /usr/local/bin/bower is being gently removed
140 silly gentlyRm verifying /usr/local is an npm working directory
141 silly gentlyRm containing path /usr/local is under npm's control, in /usr/local
142 silly gentlyRm deletion target /usr/local/bin/bower is under /usr/local
143 verbose gentlyRm vacuuming from /usr/local/bin/bower up to /usr/local
144 info postuninstall bower@1.5.2
145 silly gentlyRm /usr/local/lib/node_modules/bower is being purged from base /usr/local
146 verbose gentlyRm don't care about contents; nuking /usr/local/lib/node_modules/bower
147 silly vacuum-fs purging /usr/local/lib/node_modules/bower
148 error error rolling back Error: EACCES: permission denied, rmdir '/usr/local/lib/node_modules/bower'
148 error error rolling back     at Error (native)
148 error error rolling back  { [Error: EACCES: permission denied, rmdir '/usr/local/lib/node_modules/bower']
148 error error rolling back   errno: -13,
148 error error rolling back   code: 'EACCES',
148 error error rolling back   syscall: 'rmdir',
148 error error rolling back   path: '/usr/local/lib/node_modules/bower' }
